<?xml version="1.0" encoding="UTF-8"?>
<!-- Generated by org.testng.reporters.JUnitReportReporter -->
<testsuite hostname="RAVI" name="common.LoginCredentials" tests="1" failures="0" timestamp="21 Aug 2018 08:25:04 GMT" time="93.920" errors="0">
  <testcase name="login" time="93.920" classname="common.LoginCredentials"/>
</testsuite> <!-- common.LoginCredentials -->
